<?xml version="1.0" encoding="UTF-8"?>
<testsuite name="AppTest" tests="1" skipped="0" failures="0" errors="0" timestamp="2023-10-13T17:26:44" hostname="UK_XJ31G35V7P" time="0.002">
  <properties/>
  <testcase name="testAppOne" classname="AppTest" time="0.002"/>
  <system-out><![CDATA[]]></system-out>
  <system-err><![CDATA[]]></system-err>
</testsuite>
